<?xml version="1.0" encoding="UTF-8"?>
<testng-results ignored="0" total="2" passed="2" failed="0" skipped="0">
  <reporter-output>
  </reporter-output>
  <suite started-at="2019-09-07T09:19:35Z" name="Default suite" finished-at="2019-09-07T09:19:41Z" duration-ms="5544">
    <groups>
    </groups>
    <test started-at="2019-09-07T09:19:35Z" name="Default test" finished-at="2019-09-07T09:19:41Z" duration-ms="5544">
      <class name="com.bank.qa.testcases.loginpagetest">
        <test-method is-config="true" signature="setup()[pri:0, instance:com.bank.qa.testcases.loginpagetest@436a4e4b]" started-at="2019-09-07T09:18:59Z" name="setup" finished-at="2019-09-07T09:19:35Z" duration-ms="35922" status="PASS">
          <reporter-output>
          </reporter-output>
        </test-method> <!-- setup -->
        <test-method signature="Guru99logotest()[pri:0, instance:com.bank.qa.testcases.loginpagetest@436a4e4b]" started-at="2019-09-07T09:19:35Z" name="Guru99logotest" finished-at="2019-09-07T09:19:37Z" duration-ms="1264" status="PASS">
          <reporter-output>
          </reporter-output>
        </test-method> <!-- Guru99logotest -->
        <test-method signature="Logintest()[pri:0, instance:com.bank.qa.testcases.loginpagetest@436a4e4b]" started-at="2019-09-07T09:19:37Z" name="Logintest" finished-at="2019-09-07T09:19:41Z" duration-ms="4105" status="PASS">
          <reporter-output>
          </reporter-output>
        </test-method> <!-- Logintest -->
        <test-method is-config="true" signature="closebrowser()[pri:0, instance:com.bank.qa.testcases.loginpagetest@436a4e4b]" started-at="2019-09-07T09:19:42Z" name="closebrowser" finished-at="2019-09-07T09:19:42Z" duration-ms="1" status="PASS">
          <reporter-output>
          </reporter-output>
        </test-method> <!-- closebrowser -->
      </class> <!-- com.bank.qa.testcases.loginpagetest -->
    </test> <!-- Default test -->
  </suite> <!-- Default suite -->
</testng-results>
