<?xml version="1.0" encoding="UTF-8"?>
<testng-results ignored="0" total="2" passed="2" failed="0" skipped="0">
  <reporter-output>
  </reporter-output>
  <suite started-at="2019-11-14T09:45:56 IST" name="suitetest" finished-at="2019-11-14T09:46:40 IST" duration-ms="43641">
    <groups>
    </groups>
    <test started-at="2019-11-14T09:45:56 IST" name="functionaltest" finished-at="2019-11-14T09:46:40 IST" duration-ms="43641">
      <class name="com.bank.qa.testcases.loginpagetest">
        <test-method is-config="true" signature="setup()[pri:0, instance:com.bank.qa.testcases.loginpagetest@60dcc9fe]" started-at="2019-11-14T09:45:56 IST" name="setup" finished-at="2019-11-14T09:46:25 IST" duration-ms="28571" status="PASS">
          <reporter-output>
          </reporter-output>
        </test-method> <!-- setup -->
        <test-method signature="Guru99logotest()[pri:1, instance:com.bank.qa.testcases.loginpagetest@60dcc9fe]" started-at="2019-11-14T09:46:25 IST" name="Guru99logotest" finished-at="2019-11-14T09:46:29 IST" duration-ms="3767" status="PASS">
          <reporter-output>
          </reporter-output>
        </test-method> <!-- Guru99logotest -->
        <test-method signature="Logintest()[pri:2, instance:com.bank.qa.testcases.loginpagetest@60dcc9fe]" started-at="2019-11-14T09:46:29 IST" name="Logintest" finished-at="2019-11-14T09:46:38 IST" duration-ms="9171" status="PASS">
          <reporter-output>
          </reporter-output>
        </test-method> <!-- Logintest -->
        <test-method is-config="true" signature="closebrowser()[pri:0, instance:com.bank.qa.testcases.loginpagetest@60dcc9fe]" started-at="2019-11-14T09:46:38 IST" name="closebrowser" finished-at="2019-11-14T09:46:40 IST" duration-ms="1844" status="PASS">
          <reporter-output>
          </reporter-output>
        </test-method> <!-- closebrowser -->
      </class> <!-- com.bank.qa.testcases.loginpagetest -->
    </test> <!-- functionaltest -->
  </suite> <!-- suitetest -->
</testng-results>
